# JRE version: Java(TM) SE Runtime Environment (8.0_91-b15) (build 1.8.0_91-b15)
# Java VM: Java HotSpot(TM) 64-Bit Server VM (25.91-b15 mixed mode windows-amd64 compressed oops)
Heap:
 PSYoungGen      total 47616K, used 6648K [0x00000000e0000000, 0x00000000e5700000, 0x0000000100000000)
  eden space 40960K, 0% used [0x00000000e0000000,0x00000000e0000000,0x00000000e2800000)
  from space 6656K, 99% used [0x00000000e2800000,0x00000000e2e7e050,0x00000000e2e80000)
  to   space 6656K, 0% used [0x00000000e5080000,0x00000000e5080000,0x00000000e5700000)
 ParOldGen       total 109568K, used 6646K [0x00000000a0000000, 0x00000000a6b00000, 0x00000000e0000000)
  object space 109568K, 6% used [0x00000000a0000000,0x00000000a067dac0,0x00000000a6b00000)
 Metaspace       used 20768K, capacity 21232K, committed 21296K, reserved 1067008K
  class space    used 2769K, capacity 2922K, committed 2944K, reserved 1048576K
GC Heap History (4 events):
Event: 6.946 GC heap before
{Heap before GC invocations=1 (full 0):
 PSYoungGen      total 47616K, used 40960K [0x00000000e0000000, 0x00000000e3500000, 0x0000000100000000)
  eden space 40960K, 100% used [0x00000000e0000000,0x00000000e2800000,0x00000000e2800000)
  from space 6656K, 0% used [0x00000000e2e80000,0x00000000e2e80000,0x00000000e3500000)
  to   space 6656K, 0% used [0x00000000e2800000,0x00000000e2800000,0x00000000e2e80000)
 ParOldGen       total 109568K, used 0K [0x00000000a0000000, 0x00000000a6b00000, 0x00000000e0000000)
  object space 109568K, 0% used [0x00000000a0000000,0x00000000a0000000,0x00000000a6b00000)
 Metaspace       used 9075K, capacity 9336K, committed 9472K, reserved 1056768K
  class space    used 1188K, capacity 1254K, committed 1280K, reserved 1048576K
Event: 7.062 GC heap after
Heap after GC invocations=1 (full 0):
 PSYoungGen      total 47616K, used 5968K [0x00000000e0000000, 0x00000000e5d00000, 0x0000000100000000)
  eden space 40960K, 0% used [0x00000000e0000000,0x00000000e0000000,0x00000000e2800000)
  from space 6656K, 89% used [0x00000000e2800000,0x00000000e2dd40a8,0x00000000e2e80000)
  to   space 6656K, 0% used [0x00000000e5680000,0x00000000e5680000,0x00000000e5d00000)
 ParOldGen       total 109568K, used 8K [0x00000000a0000000, 0x00000000a6b00000, 0x00000000e0000000)
  object space 109568K, 0% used [0x00000000a0000000,0x00000000a0002000,0x00000000a6b00000)
 Metaspace       used 9075K, capacity 9336K, committed 9472K, reserved 1056768K
  class space    used 1188K, capacity 1254K, committed 1280K, reserved 1048576K
}
Event: 18.636 GC heap before
{Heap before GC invocations=2 (full 0):
 PSYoungGen      total 47616K, used 46928K [0x00000000e0000000, 0x00000000e5d00000, 0x0000000100000000)
  eden space 40960K, 100% used [0x00000000e0000000,0x00000000e2800000,0x00000000e2800000)
  from space 6656K, 89% used [0x00000000e2800000,0x00000000e2dd40a8,0x00000000e2e80000)
  to   space 6656K, 0% used [0x00000000e5680000,0x00000000e5680000,0x00000000e5d00000)
 ParOldGen       total 109568K, used 8K [0x00000000a0000000, 0x00000000a6b00000, 0x00000000e0000000)
  object space 109568K, 0% used [0x00000000a0000000,0x00000000a0002000,0x00000000a6b00000)
 Metaspace       used 16980K, capacity 17358K, committed 17536K, reserved 1064960K
  class space    used 2269K, capacity 2395K, committed 2432K, reserved 1048576K
Event: 18.654 GC heap after
Heap after GC invocations=2 (full 0):
 PSYoungGen      total 47616K, used 6647K [0x00000000e0000000, 0x00000000e5d00000, 0x0000000100000000)
  eden space 40960K, 0% used [0x00000000e0000000,0x00000000e0000000,0x00000000e2800000)
  from space 6656K, 99% used [0x00000000e5680000,0x00000000e5cfdd20,0x00000000e5d00000)
  to   space 6656K, 0% used [0x00000000e2800000,0x00000000e2800000,0x00000000e2e80000)
 ParOldGen       total 109568K, used 2856K [0x00000000a0000000, 0x00000000a6b00000, 0x00000000e0000000)
  object space 109568K, 2% used [0x00000000a0000000,0x00000000a02ca1c0,0x00000000a6b00000)
 Metaspace       used 16980K, capacity 17358K, committed 17536K, reserved 1064960K
  class space    used 2269K, capacity 2395K, committed 2432K, reserved 1048576K
}

